TN:
SF:src/main.ts
FN:1,(empty-report)
FNF:1
FNH:0
FNDA:0,(empty-report)
DA:1,0
DA:2,0
DA:3,0
DA:4,0
DA:5,0
DA:6,0
DA:7,0
DA:8,0
DA:9,0
DA:10,0
DA:11,0
DA:12,0
DA:13,0
DA:14,0
DA:15,0
LF:15
LH:0
BRDA:1,0,0,0
BRF:1
BRH:0
end_of_record
TN:
SF:src/domain/entity/address.ts
FN:16,get street
FN:20,get number
FN:24,get zip
FN:28,get city
FN:32,validate
FN:47,toString
FN:7,Address
FNF:7
FNH:6
FNDA:11,get street
FNDA:11,get number
FNDA:11,get zip
FNDA:11,get city
FNDA:12,validate
FNDA:0,toString
FNDA:12,Address
DA:1,1
DA:2,1
DA:3,1
DA:4,1
DA:5,1
DA:6,1
DA:7,1
DA:8,12
DA:9,12
DA:10,12
DA:11,12
DA:12,12
DA:13,12
DA:14,12
DA:15,1
DA:16,1
DA:17,11
DA:18,11
DA:19,1
DA:20,1
DA:21,11
DA:22,11
DA:23,1
DA:24,1
DA:25,11
DA:26,11
DA:27,1
DA:28,1
DA:29,11
DA:30,11
DA:31,1
DA:32,1
DA:33,12
DA:34,0
DA:35,0
DA:36,12
DA:37,0
DA:38,0
DA:39,12
DA:40,0
DA:41,0
DA:42,12
DA:43,0
DA:44,0
DA:45,12
DA:46,1
DA:47,1
DA:48,0
DA:49,0
DA:50,1
LF:50
LH:40
BRDA:16,0,0,11
BRDA:20,1,0,11
BRDA:24,2,0,11
BRDA:28,3,0,11
BRDA:32,4,0,12
BRDA:33,5,0,0
BRDA:36,6,0,0
BRDA:39,7,0,0
BRDA:42,8,0,0
BRDA:7,9,0,12
BRF:10
BRH:6
end_of_record
TN:
SF:src/domain/entity/customer.ts
FN:17,validate
FN:27,changeName
FN:32,get Address
FN:36,activate
FN:43,deactivate
FN:47,set Address
FN:51,get id
FN:55,get name
FN:59,get rewardPoints
FN:63,isActive
FN:67,addRewardPoints
FN:11,Customer
FNF:12
FNH:12
FNDA:22,validate
FNDA:2,changeName
FNDA:36,get Address
FNDA:5,activate
FNDA:1,deactivate
FNDA:12,set Address
FNDA:16,get id
FNDA:13,get name
FNDA:15,get rewardPoints
FNDA:14,isActive
FNDA:7,addRewardPoints
FNDA:20,Customer
DA:1,1
DA:2,1
DA:3,1
DA:4,1
DA:5,1
DA:6,1
DA:7,1
DA:8,1
DA:9,1
DA:10,1
DA:11,1
DA:12,20
DA:13,20
DA:14,20
DA:15,20
DA:16,1
DA:17,1
DA:18,22
DA:19,1
DA:20,1
DA:21,21
DA:22,22
DA:23,1
DA:24,1
DA:25,22
DA:26,1
DA:27,1
DA:28,2
DA:29,2
DA:30,2
DA:31,1
DA:32,1
DA:33,36
DA:34,36
DA:35,1
DA:36,1
DA:37,5
DA:38,1
DA:39,1
DA:40,4
DA:41,4
DA:42,1
DA:43,1
DA:44,1
DA:45,1
DA:46,1
DA:47,1
DA:48,12
DA:49,12
DA:50,1
DA:51,1
DA:52,16
DA:53,16
DA:54,1
DA:55,1
DA:56,13
DA:57,13
DA:58,1
DA:59,1
DA:60,15
DA:61,15
DA:62,1
DA:63,1
DA:64,14
DA:65,14
DA:66,1
DA:67,1
DA:68,7
DA:69,7
DA:70,1
LF:70
LH:70
BRDA:17,0,0,22
BRDA:18,1,0,1
BRDA:20,2,0,21
BRDA:22,3,0,1
BRDA:27,4,0,2
BRDA:32,5,0,36
BRDA:36,6,0,5
BRDA:37,7,0,4
BRDA:37,8,0,1
BRDA:43,9,0,1
BRDA:47,10,0,12
BRDA:51,11,0,16
BRDA:55,12,0,13
BRDA:59,13,0,15
BRDA:63,14,0,14
BRDA:67,15,0,7
BRDA:11,16,0,20
BRF:17
BRH:17
end_of_record
TN:
SF:src/domain/entity/order.ts
FN:17,get id
FN:21,get customerId
FN:25,get items
FN:29,total
FN:33,addItem
FN:37,validate
FN:9,Order
FNF:7
FNH:7
FNDA:17,get id
FNDA:5,get customerId
FNDA:5,get items
FNDA:12,total
FNDA:1,addItem
FNDA:15,validate
FNDA:15,Order
DA:1,1
DA:2,1
DA:3,1
DA:4,1
DA:5,1
DA:6,1
DA:7,1
DA:8,1
DA:9,1
DA:10,15
DA:11,15
DA:12,15
DA:13,15
DA:14,15
DA:15,15
DA:16,1
DA:17,1
DA:18,17
DA:19,17
DA:20,1
DA:21,1
DA:22,5
DA:23,5
DA:24,1
DA:25,1
DA:26,5
DA:27,5
DA:28,1
DA:29,1
DA:30,12
DA:31,12
DA:32,1
DA:33,1
DA:34,1
DA:35,1
DA:36,1
DA:37,1
DA:38,15
DA:39,1
DA:40,1
DA:41,14
DA:42,15
DA:43,1
DA:44,1
DA:45,13
DA:46,15
DA:47,1
DA:48,1
DA:49,12
DA:50,15
DA:51,0
DA:52,0
DA:53,12
DA:54,12
DA:55,12
DA:56,1
DA:57,1
LF:57
LH:55
BRDA:17,0,0,17
BRDA:21,1,0,5
BRDA:25,2,0,5
BRDA:29,3,0,12
BRDA:30,4,0,17
BRDA:33,5,0,1
BRDA:37,6,0,15
BRDA:38,7,0,1
BRDA:40,8,0,14
BRDA:42,9,0,1
BRDA:44,10,0,13
BRDA:46,11,0,12
BRDA:46,12,0,1
BRDA:50,13,0,0
BRDA:52,14,0,12
BRDA:50,15,0,16
BRDA:9,16,0,15
BRF:17
BRH:16
end_of_record
TN:
SF:src/domain/entity/order_item.ts
FN:18,get id
FN:22,get name
FN:26,get productId
FN:30,get price
FN:34,get quantity
FN:38,total
FN:42,validate
FN:8,OrderItem
FNF:8
FNH:8
FNDA:7,get id
FNDA:7,get name
FNDA:7,get productId
FNDA:7,get price
FNDA:23,get quantity
FNDA:17,total
FNDA:18,validate
FNDA:18,OrderItem
DA:1,1
DA:2,1
DA:3,1
DA:4,1
DA:5,1
DA:6,1
DA:7,1
DA:8,1
DA:9,18
DA:10,18
DA:11,18
DA:12,18
DA:13,18
DA:14,18
DA:15,18
DA:16,18
DA:17,1
DA:18,1
DA:19,7
DA:20,7
DA:21,1
DA:22,1
DA:23,7
DA:24,7
DA:25,1
DA:26,1
DA:27,7
DA:28,7
DA:29,1
DA:30,1
DA:31,7
DA:32,7
DA:33,1
DA:34,1
DA:35,23
DA:36,23
DA:37,1
DA:38,1
DA:39,17
DA:40,17
DA:41,1
DA:42,1
DA:43,18
DA:44,0
DA:45,0
DA:46,18
DA:47,18
DA:48,0
DA:49,0
DA:50,18
DA:51,18
DA:52,0
DA:53,0
DA:54,18
DA:55,18
DA:56,0
DA:57,0
DA:58,18
DA:59,18
DA:60,1
DA:61,1
DA:62,17
DA:63,17
DA:64,17
DA:65,1
LF:65
LH:57
BRDA:18,0,0,7
BRDA:22,1,0,7
BRDA:26,2,0,7
BRDA:30,3,0,7
BRDA:34,4,0,23
BRDA:38,5,0,17
BRDA:42,6,0,18
BRDA:43,7,0,0
BRDA:47,8,0,0
BRDA:51,9,0,0
BRDA:55,10,0,0
BRDA:59,11,0,1
BRDA:61,12,0,17
BRDA:8,13,0,18
BRF:14
BRH:10
end_of_record
TN:
SF:src/domain/entity/product.ts
FN:15,validate
FN:31,changeName
FN:36,changePrice
FN:41,get id
FN:45,get name
FN:49,get price
FN:7,Product
FNF:7
FNH:7
FNDA:24,validate
FNDA:2,changeName
FNDA:4,changePrice
FNDA:14,get id
FNDA:10,get name
FNDA:16,get price
FNDA:18,Product
DA:1,1
DA:2,1
DA:3,1
DA:4,1
DA:5,1
DA:6,1
DA:7,1
DA:8,18
DA:9,18
DA:10,18
DA:11,18
DA:12,18
DA:13,18
DA:14,1
DA:15,1
DA:16,24
DA:17,1
DA:18,1
DA:19,23
DA:20,24
DA:21,1
DA:22,1
DA:23,22
DA:24,24
DA:25,1
DA:26,1
DA:27,21
DA:28,21
DA:29,21
DA:30,1
DA:31,1
DA:32,2
DA:33,2
DA:34,2
DA:35,1
DA:36,1
DA:37,4
DA:38,4
DA:39,4
DA:40,1
DA:41,1
DA:42,14
DA:43,14
DA:44,1
DA:45,1
DA:46,10
DA:47,10
DA:48,1
DA:49,1
DA:50,16
DA:51,16
DA:52,1
DA:53,1
DA:54,1
LF:54
LH:54
BRDA:15,0,0,24
BRDA:16,1,0,1
BRDA:18,2,0,23
BRDA:20,3,0,1
BRDA:22,4,0,22
BRDA:24,5,0,1
BRDA:26,6,0,21
BRDA:31,7,0,2
BRDA:36,8,0,4
BRDA:41,9,0,14
BRDA:45,10,0,10
BRDA:49,11,0,16
BRDA:7,12,0,18
BRF:13
BRH:13
end_of_record
TN:
SF:src/domain/repository/customer.repository.interface.ts
FN:1,(empty-report)
FNF:1
FNH:0
FNDA:0,(empty-report)
DA:1,0
DA:2,0
DA:3,0
DA:4,0
LF:4
LH:0
BRDA:1,0,0,0
BRF:1
BRH:0
end_of_record
TN:
SF:src/domain/repository/order.repository.interface.ts
FN:1,(empty-report)
FNF:1
FNH:0
FNDA:0,(empty-report)
DA:1,0
DA:2,0
DA:3,0
DA:4,0
LF:4
LH:0
BRDA:1,0,0,0
BRF:1
BRH:0
end_of_record
TN:
SF:src/domain/repository/product.repository.interface.ts
FN:1,(empty-report)
FNF:1
FNH:0
FNDA:0,(empty-report)
DA:1,0
DA:2,0
DA:3,0
DA:4,0
LF:4
LH:0
BRDA:1,0,0,0
BRF:1
BRH:0
end_of_record
TN:
SF:src/domain/repository/repository.interface.ts
FN:1,(empty-report)
FNF:1
FNH:0
FNDA:0,(empty-report)
DA:1,0
DA:2,0
DA:3,0
DA:4,0
DA:5,0
DA:6,0
LF:6
LH:0
BRDA:1,0,0,0
BRF:1
BRH:0
end_of_record
TN:
SF:src/domain/service/order.service.ts
FN:8,getTotal
FN:15,placeOrder
FNF:2
FNH:2
FNDA:1,getTotal
FNDA:1,placeOrder
DA:1,1
DA:2,1
DA:3,1
DA:4,1
DA:5,1
DA:6,1
DA:7,1
DA:8,1
DA:9,1
DA:10,1
DA:11,2
DA:12,1
DA:13,1
DA:14,1
DA:15,1
DA:16,1
DA:17,0
DA:18,0
DA:19,1
DA:20,1
DA:21,0
DA:22,0
DA:23,1
DA:24,1
DA:25,0
DA:26,0
DA:27,1
DA:28,1
DA:29,1
DA:30,1
DA:31,1
DA:32,1
DA:33,1
DA:34,1
DA:35,1
LF:35
LH:29
BRDA:8,0,0,1
BRDA:10,1,0,2
BRDA:15,2,0,1
BRDA:16,3,0,0
BRDA:20,4,0,0
BRDA:24,5,0,0
BRF:6
BRH:3
end_of_record
TN:
SF:src/domain/service/product.service.ts
FN:5,increasePriceInPercent
FNF:1
FNH:1
FNDA:1,increasePriceInPercent
DA:1,1
DA:2,1
DA:3,1
DA:4,1
DA:5,1
DA:6,1
DA:7,2
DA:8,2
DA:9,2
DA:10,2
DA:11,2
DA:12,1
DA:13,1
DA:14,1
DA:15,1
LF:15
LH:15
BRDA:5,0,0,1
BRDA:6,1,0,2
BRF:2
BRH:2
end_of_record
TN:
SF:src/infrastructure/db/sequelize/model/customer.model.ts
FNF:0
FNH:0
DA:1,1
DA:2,1
DA:3,1
DA:4,1
DA:5,1
DA:6,1
DA:7,1
DA:8,1
DA:9,1
DA:10,1
DA:11,1
DA:12,1
DA:13,1
DA:14,1
DA:15,1
DA:16,1
DA:17,1
DA:18,1
DA:19,1
DA:20,1
DA:21,1
DA:22,1
DA:23,1
DA:24,1
DA:25,1
DA:26,1
DA:27,1
DA:28,1
DA:29,1
DA:30,1
DA:31,1
DA:32,1
DA:33,1
DA:34,1
DA:35,1
DA:36,1
DA:37,1
LF:37
LH:37
BRF:0
BRH:0
end_of_record
TN:
SF:src/infrastructure/db/sequelize/model/order-item.model.ts
FNF:0
FNH:0
DA:1,1
DA:2,1
DA:3,1
DA:4,1
DA:5,1
DA:6,1
DA:7,1
DA:8,1
DA:9,1
DA:10,1
DA:11,1
DA:12,1
DA:13,1
DA:14,1
DA:15,1
DA:16,1
DA:17,1
DA:18,1
DA:19,1
DA:20,1
DA:21,1
DA:22,1
DA:23,1
DA:24,1
DA:25,1
DA:26,1
DA:27,1
DA:28,1
DA:29,1
DA:30,1
DA:31,1
DA:32,1
DA:33,1
DA:34,1
DA:35,1
DA:36,1
DA:37,1
DA:38,1
DA:39,1
DA:40,1
DA:41,1
DA:42,1
DA:43,1
DA:44,1
LF:44
LH:44
BRDA:27,0,0,0
BRDA:34,1,0,0
BRDA:22,2,0,15
BRDA:26,3,0,6
BRDA:29,4,0,6
BRDA:33,5,0,6
BRF:6
BRH:4
end_of_record
TN:
SF:src/infrastructure/db/sequelize/model/order.model.ts
FNF:0
FNH:0
DA:1,1
DA:2,1
DA:3,1
DA:4,1
DA:5,1
DA:6,1
DA:7,1
DA:8,1
DA:9,1
DA:10,1
DA:11,1
DA:12,1
DA:13,1
DA:14,1
DA:15,1
DA:16,1
DA:17,1
DA:18,1
DA:19,1
DA:20,1
DA:21,1
DA:22,1
DA:23,1
DA:24,1
DA:25,1
DA:26,1
DA:27,1
DA:28,1
DA:29,1
DA:30,1
DA:31,1
DA:32,1
DA:33,1
DA:34,1
LF:34
LH:34
BRDA:27,0,0,0
BRDA:22,1,0,3
BRDA:26,2,0,10
BRDA:29,3,0,10
BRF:4
BRH:3
end_of_record
TN:
SF:src/infrastructure/db/sequelize/model/product.model.ts
FNF:0
FNH:0
DA:1,1
DA:2,1
DA:3,1
DA:4,1
DA:5,1
DA:6,1
DA:7,1
DA:8,1
DA:9,1
DA:10,1
DA:11,1
DA:12,1
DA:13,1
DA:14,1
DA:15,1
DA:16,1
DA:17,1
DA:18,1
DA:19,1
LF:19
LH:19
BRF:0
BRH:0
end_of_record
TN:
SF:src/infrastructure/repository/customer.repository.ts
FN:8,create
FN:22,update
FN:41,find
FN:65,findAll
FNF:4
FNH:4
FNDA:8,create
FNDA:1,update
FNDA:2,find
FNDA:1,findAll
DA:1,1
DA:2,1
DA:3,1
DA:4,1
DA:5,1
DA:6,1
DA:7,1
DA:8,1
DA:9,8
DA:10,8
DA:11,8
DA:12,8
DA:13,8
DA:14,8
DA:15,8
DA:16,8
DA:17,8
DA:18,8
DA:19,8
DA:20,8
DA:21,1
DA:22,1
DA:23,1
DA:24,1
DA:25,1
DA:26,1
DA:27,1
DA:28,1
DA:29,1
DA:30,1
DA:31,1
DA:32,1
DA:33,1
DA:34,1
DA:35,1
DA:36,1
DA:37,1
DA:38,1
DA:39,1
DA:40,1
DA:41,1
DA:42,2
DA:43,2
DA:44,2
DA:45,2
DA:46,2
DA:47,2
DA:48,2
DA:49,2
DA:50,1
DA:51,1
DA:52,1
DA:53,1
DA:54,1
DA:55,1
DA:56,1
DA:57,1
DA:58,1
DA:59,1
DA:60,1
DA:61,1
DA:62,1
DA:63,1
DA:64,1
DA:65,1
DA:66,1
DA:67,1
DA:68,1
DA:69,2
DA:70,2
DA:71,2
DA:72,2
DA:73,2
DA:74,2
DA:75,2
DA:76,2
DA:77,2
DA:78,2
DA:79,2
DA:80,2
DA:81,2
DA:82,2
DA:83,1
DA:84,1
DA:85,1
DA:86,1
LF:86
LH:86
BRDA:8,0,0,8
BRDA:22,1,0,1
BRDA:41,2,0,2
BRDA:49,3,0,1
BRDA:65,4,0,1
BRDA:68,5,0,2
BRF:6
BRH:6
end_of_record
TN:
SF:src/infrastructure/repository/order.repository.ts
FN:10,create
FN:30,update
FN:54,find
FN:65,findAll
FNF:4
FNH:4
FNDA:4,create
FNDA:1,update
FNDA:2,find
FNDA:1,findAll
DA:1,1
DA:2,1
DA:3,1
DA:4,1
DA:5,1
DA:6,1
DA:7,1
DA:8,1
DA:9,1
DA:10,1
DA:11,4
DA:12,4
DA:13,4
DA:14,4
DA:15,4
DA:16,4
DA:17,4
DA:18,4
DA:19,4
DA:20,4
DA:21,4
DA:22,4
DA:23,4
DA:24,4
DA:25,4
DA:26,4
DA:27,4
DA:28,4
DA:29,1
DA:30,1
DA:31,1
DA:32,1
DA:33,1
DA:34,1
DA:35,1
DA:36,1
DA:37,1
DA:38,1
DA:39,1
DA:40,1
DA:41,1
DA:42,1
DA:43,2
DA:44,2
DA:45,2
DA:46,2
DA:47,2
DA:48,2
DA:49,2
DA:50,2
DA:51,1
DA:52,1
DA:53,1
DA:54,1
DA:55,2
DA:56,2
DA:57,2
DA:58,2
DA:59,2
DA:60,2
DA:61,2
DA:62,2
DA:63,2
DA:64,1
DA:65,1
DA:66,1
DA:67,1
DA:68,1
DA:69,1
DA:70,1
DA:71,2
DA:72,2
DA:73,2
DA:74,1
DA:75,1
DA:76,1
LF:76
LH:76
BRDA:10,0,0,4
BRDA:15,1,0,4
BRDA:30,2,0,1
BRDA:42,3,0,2
BRDA:54,4,0,2
BRDA:60,5,0,3
BRDA:65,6,0,1
BRDA:70,7,0,2
BRDA:71,8,0,2
BRF:9
BRH:9
end_of_record
TN:
SF:src/infrastructure/repository/product.repository.ts
FN:7,create
FN:15,update
FN:25,find
FN:30,findAll
FNF:4
FNH:4
FNDA:8,create
FNDA:1,update
FNDA:1,find
FNDA:1,findAll
DA:1,1
DA:2,1
DA:3,1
DA:4,1
DA:5,1
DA:6,1
DA:7,1
DA:8,8
DA:9,8
DA:10,8
DA:11,8
DA:12,8
DA:13,8
DA:14,1
DA:15,1
DA:16,1
DA:17,1
DA:18,1
DA:19,1
DA:20,1
DA:21,1
DA:22,1
DA:23,1
DA:24,1
DA:25,1
DA:26,1
DA:27,1
DA:28,1
DA:29,1
DA:30,1
DA:31,1
DA:32,1
DA:33,1
DA:34,1
DA:35,1
LF:35
LH:35
BRDA:7,0,0,8
BRDA:15,1,0,1
BRDA:25,2,0,1
BRDA:30,3,0,1
BRDA:32,4,0,2
BRF:5
BRH:5
end_of_record
